2024-06-24 18:08:06,499 p=3444395 u=upszot n=ansible | [WARNING]: A duplicate localhost-like entry was found (localhost). First found localhost was 127.0.0.1

2024-06-24 18:08:06,598 p=3444395 u=upszot n=ansible | PLAY [all] **********************************************************************************************************************************************************************************************************************************
2024-06-24 18:08:06,609 p=3444395 u=upszot n=ansible | TASK [Gathering Facts] **********************************************************************************************************************************************************************************************************************
2024-06-24 18:08:07,746 p=3444395 u=upszot n=ansible | ok: [localhost]
2024-06-24 18:08:07,775 p=3444395 u=upszot n=ansible | TASK [include_role : 2do_parcial] ***********************************************************************************************************************************************************************************************************
2024-06-24 18:08:07,805 p=3444395 u=upszot n=ansible | TASK [2do_parcial : debug] ******************************************************************************************************************************************************************************************************************
2024-06-24 18:08:07,817 p=3444395 u=upszot n=ansible | ok: [localhost] => {
    "msg": "Tareas del 2do Parcial"
}
2024-06-24 18:08:07,836 p=3444395 u=upszot n=ansible | TASK [Otra tarea] ***************************************************************************************************************************************************************************************************************************
2024-06-24 18:08:07,851 p=3444395 u=upszot n=ansible | ok: [localhost] => {
    "msg": "Despues de la ejecucion del rol"
}
2024-06-24 18:08:07,885 p=3444395 u=upszot n=ansible | PLAY RECAP **********************************************************************************************************************************************************************************************************************************
2024-06-24 18:08:07,885 p=3444395 u=upszot n=ansible | localhost                  : ok=3    changed=0    unreachable=0    failed=0    skipped=0    rescued=0    ignored=0   
2024-11-18 21:27:56,939 p=2464 u=vagrant n=ansible | [WARNING]: A duplicate localhost-like entry was found (localhost). First found localhost was 127.0.0.1

2024-11-18 21:27:57,399 p=2464 u=vagrant n=ansible | PLAY [all] ****************************************************************************************************************************
2024-11-18 21:27:57,444 p=2464 u=vagrant n=ansible | TASK [Gathering Facts] ****************************************************************************************************************
2024-11-18 21:28:00,549 p=2464 u=vagrant n=ansible | ok: [localhost]
2024-11-18 21:28:01,075 p=2464 u=vagrant n=ansible | ok: [127.0.0.1]
2024-11-18 21:28:01,115 p=2464 u=vagrant n=ansible | TASK [include_role : 2do_parcial] *****************************************************************************************************
2024-11-18 21:28:01,267 p=2464 u=vagrant n=ansible | TASK [2do_parcial : debug] ************************************************************************************************************
2024-11-18 21:28:01,347 p=2464 u=vagrant n=ansible | ok: [127.0.0.1] => {
    "msg": "Tareas del 2do Parcial"
}
2024-11-18 21:28:01,370 p=2464 u=vagrant n=ansible | ok: [localhost] => {
    "msg": "Tareas del 2do Parcial"
}
2024-11-18 21:28:01,389 p=2464 u=vagrant n=ansible | TASK [Otra tarea] *********************************************************************************************************************
2024-11-18 21:28:01,447 p=2464 u=vagrant n=ansible | ok: [127.0.0.1] => {
    "msg": "Despues de la ejecucion del rol"
}
2024-11-18 21:28:01,466 p=2464 u=vagrant n=ansible | ok: [localhost] => {
    "msg": "Despues de la ejecucion del rol"
}
2024-11-18 21:28:01,501 p=2464 u=vagrant n=ansible | PLAY RECAP ****************************************************************************************************************************
2024-11-18 21:28:01,502 p=2464 u=vagrant n=ansible | 127.0.0.1                  : ok=3    changed=0    unreachable=0    failed=0    skipped=0    rescued=0    ignored=0   
2024-11-18 21:28:01,503 p=2464 u=vagrant n=ansible | localhost                  : ok=3    changed=0    unreachable=0    failed=0    skipped=0    rescued=0    ignored=0   
